This file contains any messages produced by compilers while
running configure, to aid debugging if configure makes a mistake.

It was created by mysql++ configure 3.1.1, which was
generated by GNU Autoconf 2.68.  Invocation command line was

  $ ./configure --cache-file=config.cache --with-mysql-lib=/usr/lib/x86_64-linux-gnu

## --------- ##
## Platform. ##
## --------- ##

hostname = green-flame
uname -m = x86_64
uname -r = 3.2.0-26-generic
uname -s = Linux
uname -v = #41-Ubuntu SMP Thu Jun 14 17:49:24 UTC 2012

/usr/bin/uname -p = unknown
/bin/uname -X     = unknown

/bin/arch              = unknown
/usr/bin/arch -k       = unknown
/usr/convex/getsysinfo = unknown
/usr/bin/hostinfo      = unknown
/bin/machine           = unknown
/usr/bin/oslevel       = unknown
/bin/universe          = unknown

PATH: /usr/lib/lightdm/lightdm
PATH: /usr/local/sbin
PATH: /usr/local/bin
PATH: /usr/sbin
PATH: /usr/bin
PATH: /sbin
PATH: /bin
PATH: /usr/games


## ----------- ##
## Core tests. ##
## ----------- ##

configure:2291: creating cache config.cache
configure:2400: checking build system type
configure:2414: result: x86_64-unknown-linux-gnu
configure:2434: checking host system type
configure:2447: result: x86_64-unknown-linux-gnu
configure:2467: checking target system type
configure:2480: result: x86_64-unknown-linux-gnu
configure:2556: checking how to print strings
configure:2583: result: printf
configure:2652: checking for gcc
configure:2668: found /usr/bin/gcc
configure:2679: result: gcc
configure:2908: checking for C compiler version
configure:2917: gcc --version >&5
gcc (Ubuntu/Linaro 4.6.3-1ubuntu5) 4.6.3
Copyright (C) 2011 Free Software Foundation, Inc.
This is free software; see the source for copying conditions.  There is NO
warranty; not even for MERCHANTABILITY or FITNESS FOR A PARTICULAR PURPOSE.

configure:2928: $? = 0
configure:2917: gcc -v >&5
Using built-in specs.
COLLECT_GCC=gcc
COLLECT_LTO_WRAPPER=/usr/lib/gcc/x86_64-linux-gnu/4.6/lto-wrapper
Target: x86_64-linux-gnu
Configured with: ../src/configure -v --with-pkgversion='Ubuntu/Linaro 4.6.3-1ubuntu5' --with-bugurl=file:///usr/share/doc/gcc-4.6/README.Bugs --enable-languages=c,c++,fortran,objc,obj-c++ --prefix=/usr --program-suffix=-4.6 --enable-shared --enable-linker-build-id --with-system-zlib --libexecdir=/usr/lib --without-included-gettext --enable-threads=posix --with-gxx-include-dir=/usr/include/c++/4.6 --libdir=/usr/lib --enable-nls --with-sysroot=/ --enable-clocale=gnu --enable-libstdcxx-debug --enable-libstdcxx-time=yes --enable-gnu-unique-object --enable-plugin --enable-objc-gc --disable-werror --with-arch-32=i686 --with-tune=generic --enable-checking=release --build=x86_64-linux-gnu --host=x86_64-linux-gnu --target=x86_64-linux-gnu
Thread model: posix
gcc version 4.6.3 (Ubuntu/Linaro 4.6.3-1ubuntu5) 
configure:2928: $? = 0
configure:2917: gcc -V >&5
gcc: error: unrecognized option '-V'
gcc: fatal error: no input files
compilation terminated.
configure:2928: $? = 4
configure:2917: gcc -qversion >&5
gcc: error: unrecognized option '-qversion'
gcc: fatal error: no input files
compilation terminated.
configure:2928: $? = 4
configure:2948: checking whether the C compiler works
configure:2970: gcc    conftest.c  >&5
configure:2974: $? = 0
configure:3022: result: yes
configure:3025: checking for C compiler default output file name
configure:3027: result: a.out
configure:3033: checking for suffix of executables
configure:3040: gcc -o conftest    conftest.c  >&5
configure:3044: $? = 0
configure:3066: result: 
configure:3088: checking whether we are cross compiling
configure:3096: gcc -o conftest    conftest.c  >&5
configure:3100: $? = 0
configure:3107: ./conftest
configure:3111: $? = 0
configure:3126: result: no
configure:3131: checking for suffix of object files
configure:3153: gcc -c   conftest.c >&5
configure:3157: $? = 0
configure:3178: result: o
configure:3182: checking whether we are using the GNU C compiler
configure:3201: gcc -c   conftest.c >&5
configure:3201: $? = 0
configure:3210: result: yes
configure:3219: checking whether gcc accepts -g
configure:3239: gcc -c -g  conftest.c >&5
configure:3239: $? = 0
configure:3280: result: yes
configure:3297: checking for gcc option to accept ISO C89
configure:3361: gcc  -c -g -O2  conftest.c >&5
configure:3361: $? = 0
configure:3374: result: none needed
configure:3394: checking for a sed that does not truncate output
configure:3458: result: /bin/sed
configure:3476: checking for grep that handles long lines and -e
configure:3534: result: /bin/grep
configure:3539: checking for egrep
configure:3601: result: /bin/grep -E
configure:3606: checking for fgrep
configure:3668: result: /bin/grep -F
configure:3703: checking for ld used by gcc
configure:3770: result: /usr/bin/ld
configure:3777: checking if the linker (/usr/bin/ld) is GNU ld
configure:3792: result: yes
configure:3804: checking for BSD- or MS-compatible name lister (nm)
configure:3853: result: /usr/bin/nm -B
configure:3983: checking the name lister (/usr/bin/nm -B) interface
configure:3990: gcc -c -g -O2  conftest.c >&5
configure:3993: /usr/bin/nm -B "conftest.o"
configure:3996: output
0000000000000000 B some_variable
configure:4003: result: BSD nm
configure:4006: checking whether ln -s works
configure:4010: result: yes
configure:4018: checking the maximum length of command line arguments
configure:4148: result: 1572864
configure:4165: checking whether the shell understands some XSI constructs
configure:4175: result: yes
configure:4179: checking whether the shell understands "+="
configure:4185: result: yes
configure:4220: checking how to convert x86_64-unknown-linux-gnu file names to x86_64-unknown-linux-gnu format
configure:4260: result: func_convert_file_noop
configure:4267: checking how to convert x86_64-unknown-linux-gnu file names to toolchain format
configure:4287: result: func_convert_file_noop
configure:4294: checking for /usr/bin/ld option to reload object files
configure:4301: result: -r
configure:4375: checking for objdump
configure:4391: found /usr/bin/objdump
configure:4402: result: objdump
configure:4434: checking how to recognize dependent libraries
configure:4636: result: pass_all
configure:4721: checking for dlltool
configure:4751: result: no
configure:4781: checking how to associate runtime and link libraries
configure:4808: result: printf %s\n
configure:4869: checking for ar
configure:4885: found /usr/bin/ar
configure:4896: result: ar
configure:4933: checking for archiver @FILE support
configure:4950: gcc -c -g -O2  conftest.c >&5
configure:4950: $? = 0
configure:4953: ar cru libconftest.a @conftest.lst >&5
configure:4956: $? = 0
configure:4961: ar cru libconftest.a @conftest.lst >&5
ar: conftest.o: No such file or directory
configure:4964: $? = 1
configure:4976: result: @
configure:5034: checking for strip
configure:5050: found /usr/bin/strip
configure:5061: result: strip
configure:5133: checking for ranlib
configure:5149: found /usr/bin/ranlib
configure:5160: result: ranlib
configure:5237: checking for gawk
configure:5267: result: no
configure:5237: checking for mawk
configure:5253: found /usr/bin/mawk
configure:5264: result: mawk
configure:5304: checking command to parse /usr/bin/nm -B output from gcc object
configure:5424: gcc -c -g -O2  conftest.c >&5
configure:5427: $? = 0
configure:5431: /usr/bin/nm -B conftest.o \| sed -n -e 's/^.*[ ]\([ABCDGIRSTW][ABCDGIRSTW]*\)[ ][ ]*\([_A-Za-z][_A-Za-z0-9]*\)$/\1 \2 \2/p' | sed '/ __gnu_lto/d' \> conftest.nm
configure:5434: $? = 0
configure:5500: gcc -o conftest -g -O2   conftest.c conftstm.o >&5
configure:5503: $? = 0
configure:5541: result: ok
configure:5578: checking for sysroot
configure:5608: result: no
configure:5685: gcc -c -g -O2  conftest.c >&5
configure:5688: $? = 0
configure:5864: checking for mt
configure:5880: found /bin/mt
configure:5891: result: mt
configure:5914: checking if mt is a manifest tool
configure:5920: mt '-?'
configure:5928: result: no
configure:6570: checking how to run the C preprocessor
configure:6601: gcc -E  conftest.c
configure:6601: $? = 0
configure:6615: gcc -E  conftest.c
conftest.c:9:28: fatal error: ac_nonexistent.h: No such file or directory
compilation terminated.
configure:6615: $? = 1
configure: failed program was:
| /* confdefs.h */
| #define PACKAGE_NAME "mysql++"
| #define PACKAGE_TARNAME "mysql++"
| #define PACKAGE_VERSION "3.1.1"
| #define PACKAGE_STRING "mysql++ 3.1.1"
| #define PACKAGE_BUGREPORT "plusplus@lists.mysql.com"
| #define PACKAGE_URL ""
| /* end confdefs.h.  */
| #include <ac_nonexistent.h>
configure:6640: result: gcc -E
configure:6660: gcc -E  conftest.c
configure:6660: $? = 0
configure:6674: gcc -E  conftest.c
conftest.c:9:28: fatal error: ac_nonexistent.h: No such file or directory
compilation terminated.
configure:6674: $? = 1
configure: failed program was:
| /* confdefs.h */
| #define PACKAGE_NAME "mysql++"
| #define PACKAGE_TARNAME "mysql++"
| #define PACKAGE_VERSION "3.1.1"
| #define PACKAGE_STRING "mysql++ 3.1.1"
| #define PACKAGE_BUGREPORT "plusplus@lists.mysql.com"
| #define PACKAGE_URL ""
| /* end confdefs.h.  */
| #include <ac_nonexistent.h>
configure:6703: checking for ANSI C header files
configure:6723: gcc -c -g -O2  conftest.c >&5
configure:6723: $? = 0
configure:6796: gcc -o conftest -g -O2   conftest.c  >&5
configure:6796: $? = 0
configure:6796: ./conftest
configure:6796: $? = 0
configure:6807: result: yes
configure:6820: checking for sys/types.h
configure:6820: gcc -c -g -O2  conftest.c >&5
configure:6820: $? = 0
configure:6820: result: yes
configure:6820: checking for sys/stat.h
configure:6820: gcc -c -g -O2  conftest.c >&5
configure:6820: $? = 0
configure:6820: result: yes
configure:6820: checking for stdlib.h
configure:6820: gcc -c -g -O2  conftest.c >&5
configure:6820: $? = 0
configure:6820: result: yes
configure:6820: checking for string.h
configure:6820: gcc -c -g -O2  conftest.c >&5
configure:6820: $? = 0
configure:6820: result: yes
configure:6820: checking for memory.h
configure:6820: gcc -c -g -O2  conftest.c >&5
configure:6820: $? = 0
configure:6820: result: yes
configure:6820: checking for strings.h
configure:6820: gcc -c -g -O2  conftest.c >&5
configure:6820: $? = 0
configure:6820: result: yes
configure:6820: checking for inttypes.h
configure:6820: gcc -c -g -O2  conftest.c >&5
configure:6820: $? = 0
configure:6820: result: yes
configure:6820: checking for stdint.h
configure:6820: gcc -c -g -O2  conftest.c >&5
configure:6820: $? = 0
configure:6820: result: yes
configure:6820: checking for unistd.h
configure:6820: gcc -c -g -O2  conftest.c >&5
configure:6820: $? = 0
configure:6820: result: yes
configure:6834: checking for dlfcn.h
configure:6834: gcc -c -g -O2  conftest.c >&5
configure:6834: $? = 0
configure:6834: result: yes
configure:7040: checking for objdir
configure:7055: result: .libs
configure:7326: checking if gcc supports -fno-rtti -fno-exceptions
configure:7344: gcc -c -g -O2  -fno-rtti -fno-exceptions conftest.c >&5
cc1: warning: command line option '-fno-rtti' is valid for C++/ObjC++ but not for C [enabled by default]
configure:7348: $? = 0
configure:7361: result: no
configure:7688: checking for gcc option to produce PIC
configure:7695: result: -fPIC -DPIC
configure:7703: checking if gcc PIC flag -fPIC -DPIC works
configure:7721: gcc -c -g -O2  -fPIC -DPIC -DPIC conftest.c >&5
configure:7725: $? = 0
configure:7738: result: yes
configure:7767: checking if gcc static flag -static works
configure:7795: result: yes
configure:7810: checking if gcc supports -c -o file.o
configure:7831: gcc -c -g -O2  -o out/conftest2.o conftest.c >&5
configure:7835: $? = 0
configure:7857: result: yes
configure:7865: checking if gcc supports -c -o file.o
configure:7912: result: yes
configure:7945: checking whether the gcc linker (/usr/bin/ld -m elf_x86_64) supports shared libraries
configure:9102: result: yes
configure:9139: checking whether -lc should be explicitly linked in
configure:9147: gcc -c -g -O2  conftest.c >&5
configure:9150: $? = 0
configure:9165: gcc -shared  -fPIC -DPIC conftest.o  -v -Wl,-soname -Wl,conftest -o conftest 2\>\&1 \| /bin/grep  -lc  \>/dev/null 2\>\&1
configure:9168: $? = 0
configure:9182: result: no
configure:9342: checking dynamic linker characteristics
configure:9853: gcc -o conftest -g -O2   -Wl,-rpath -Wl,/foo conftest.c  >&5
configure:9853: $? = 0
configure:10087: result: GNU/Linux ld.so
configure:10194: checking how to hardcode library paths into programs
configure:10219: result: immediate
configure:10759: checking whether stripping libraries is possible
configure:10764: result: yes
configure:10799: checking if libtool supports shared libraries
configure:10801: result: yes
configure:10804: checking whether to build shared libraries
configure:10825: result: yes
configure:10828: checking whether to build static libraries
configure:10832: result: yes
configure:10930: checking for gcc
configure:10957: result: gcc
configure:11186: checking for C compiler version
configure:11195: gcc --version >&5
gcc (Ubuntu/Linaro 4.6.3-1ubuntu5) 4.6.3
Copyright (C) 2011 Free Software Foundation, Inc.
This is free software; see the source for copying conditions.  There is NO
warranty; not even for MERCHANTABILITY or FITNESS FOR A PARTICULAR PURPOSE.

configure:11206: $? = 0
configure:11195: gcc -v >&5
Using built-in specs.
COLLECT_GCC=gcc
COLLECT_LTO_WRAPPER=/usr/lib/gcc/x86_64-linux-gnu/4.6/lto-wrapper
Target: x86_64-linux-gnu
Configured with: ../src/configure -v --with-pkgversion='Ubuntu/Linaro 4.6.3-1ubuntu5' --with-bugurl=file:///usr/share/doc/gcc-4.6/README.Bugs --enable-languages=c,c++,fortran,objc,obj-c++ --prefix=/usr --program-suffix=-4.6 --enable-shared --enable-linker-build-id --with-system-zlib --libexecdir=/usr/lib --without-included-gettext --enable-threads=posix --with-gxx-include-dir=/usr/include/c++/4.6 --libdir=/usr/lib --enable-nls --with-sysroot=/ --enable-clocale=gnu --enable-libstdcxx-debug --enable-libstdcxx-time=yes --enable-gnu-unique-object --enable-plugin --enable-objc-gc --disable-werror --with-arch-32=i686 --with-tune=generic --enable-checking=release --build=x86_64-linux-gnu --host=x86_64-linux-gnu --target=x86_64-linux-gnu
Thread model: posix
gcc version 4.6.3 (Ubuntu/Linaro 4.6.3-1ubuntu5) 
configure:11206: $? = 0
configure:11195: gcc -V >&5
gcc: error: unrecognized option '-V'
gcc: fatal error: no input files
compilation terminated.
configure:11206: $? = 4
configure:11195: gcc -qversion >&5
gcc: error: unrecognized option '-qversion'
gcc: fatal error: no input files
compilation terminated.
configure:11206: $? = 4
configure:11210: checking whether we are using the GNU C compiler
configure:11238: result: yes
configure:11247: checking whether gcc accepts -g
configure:11308: result: yes
configure:11325: checking for gcc option to accept ISO C89
configure:11402: result: none needed
configure:11422: checking for ANSI C header files
configure:11526: result: yes
configure:11937: checking for getopt
configure:11937: gcc -o conftest -g -O2   conftest.c  >&5
configure:11937: $? = 0
configure:11937: result: yes
configure:11991: checking whether -lm is needed to use C math functions
configure:12007: gcc -o conftest -g -O2   conftest.c  >&5
configure:12007: $? = 0
configure:12008: result: no
configure:12050: checking whether -lsocket is needed
configure:12069: gcc -o conftest -g -O2   conftest.c  >&5
configure:12069: $? = 0
configure:12070: result: no
configure:12110: checking whether -lnsl is needed
configure:12124: gcc -o conftest -g -O2   conftest.c  >&5
configure:12124: $? = 0
configure:12125: result: no
configure:12202: checking for MySQL library directory
configure:12226: result: /usr/lib/x86_64-linux-gnu
configure:12242: checking for MySQL include directory
configure:12264: result: /usr/include/mysql
configure:12269: checking if we can link to MySQL C API library directly
configure:12284: gcc -o conftest -g -O2  -I/usr/include/mysql  -L/usr/lib/x86_64-linux-gnu conftest.c  -lmysqlclient  >&5
configure:12284: $? = 0
configure:12285: result: yes
configure:12391: checking for mysql_ssl_set in -lmysqlclient
configure:12416: gcc -o conftest -g -O2  -I/usr/include/mysql  -L/usr/lib/x86_64-linux-gnu conftest.c -lmysqlclient   >&5
configure:12416: $? = 0
configure:12426: result: yes
configure:12437: checking for localtime_r()
configure:12456: gcc -o conftest -g -O2  -I/usr/include/mysql  -L/usr/lib/x86_64-linux-gnu conftest.c  >&5
configure:12456: $? = 0
configure:12456: ./conftest
configure:12456: $? = 0
configure:12466: result: yes
configure:12475: checking for main in -lintl
configure:12494: gcc -o conftest -g -O2  -I/usr/include/mysql  -L/usr/lib/x86_64-linux-gnu conftest.c -lintl   >&5
/usr/bin/ld: cannot find -lintl
collect2: ld returned 1 exit status
configure:12494: $? = 1
configure: failed program was:
| /* confdefs.h */
| #define PACKAGE_NAME "mysql++"
| #define PACKAGE_TARNAME "mysql++"
| #define PACKAGE_VERSION "3.1.1"
| #define PACKAGE_STRING "mysql++ 3.1.1"
| #define PACKAGE_BUGREPORT "plusplus@lists.mysql.com"
| #define PACKAGE_URL ""
| #define STDC_HEADERS 1
| #define HAVE_SYS_TYPES_H 1
| #define HAVE_SYS_STAT_H 1
| #define HAVE_STDLIB_H 1
| #define HAVE_STRING_H 1
| #define HAVE_MEMORY_H 1
| #define HAVE_STRINGS_H 1
| #define HAVE_INTTYPES_H 1
| #define HAVE_STDINT_H 1
| #define HAVE_UNISTD_H 1
| #define HAVE_DLFCN_H 1
| #define LT_OBJDIR ".libs/"
| #define STDC_HEADERS 1
| #define HAVE_POSIX_GETOPT /**/
| #define HAVE_MYSQL_SSL_SET /**/
| #define HAVE_LOCALTIME_R 1
| /* end confdefs.h.  */
| 
| 
| int
| main ()
| {
| return main ();
|   ;
|   return 0;
| }
configure:12503: result: no
configure:12585: checking for g++
configure:12601: found /usr/bin/g++
configure:12612: result: g++
configure:12639: checking for C++ compiler version
configure:12648: g++ --version >&5
g++ (Ubuntu/Linaro 4.6.3-1ubuntu5) 4.6.3
Copyright (C) 2011 Free Software Foundation, Inc.
This is free software; see the source for copying conditions.  There is NO
warranty; not even for MERCHANTABILITY or FITNESS FOR A PARTICULAR PURPOSE.

configure:12659: $? = 0
configure:12648: g++ -v >&5
Using built-in specs.
COLLECT_GCC=g++
COLLECT_LTO_WRAPPER=/usr/lib/gcc/x86_64-linux-gnu/4.6/lto-wrapper
Target: x86_64-linux-gnu
Configured with: ../src/configure -v --with-pkgversion='Ubuntu/Linaro 4.6.3-1ubuntu5' --with-bugurl=file:///usr/share/doc/gcc-4.6/README.Bugs --enable-languages=c,c++,fortran,objc,obj-c++ --prefix=/usr --program-suffix=-4.6 --enable-shared --enable-linker-build-id --with-system-zlib --libexecdir=/usr/lib --without-included-gettext --enable-threads=posix --with-gxx-include-dir=/usr/include/c++/4.6 --libdir=/usr/lib --enable-nls --with-sysroot=/ --enable-clocale=gnu --enable-libstdcxx-debug --enable-libstdcxx-time=yes --enable-gnu-unique-object --enable-plugin --enable-objc-gc --disable-werror --with-arch-32=i686 --with-tune=generic --enable-checking=release --build=x86_64-linux-gnu --host=x86_64-linux-gnu --target=x86_64-linux-gnu
Thread model: posix
gcc version 4.6.3 (Ubuntu/Linaro 4.6.3-1ubuntu5) 
configure:12659: $? = 0
configure:12648: g++ -V >&5
g++: error: unrecognized option '-V'
g++: fatal error: no input files
compilation terminated.
configure:12659: $? = 4
configure:12648: g++ -qversion >&5
g++: error: unrecognized option '-qversion'
g++: fatal error: no input files
compilation terminated.
configure:12659: $? = 4
configure:12663: checking whether we are using the GNU C++ compiler
configure:12682: g++ -c   -I/usr/include/mysql conftest.cpp >&5
configure:12682: $? = 0
configure:12691: result: yes
configure:12700: checking whether g++ accepts -g
configure:12720: g++ -c -g  -I/usr/include/mysql conftest.cpp >&5
configure:12720: $? = 0
configure:12761: result: yes
configure:12802: checking how to run the C++ preprocessor
configure:12829: g++ -E  -I/usr/include/mysql conftest.cpp
configure:12829: $? = 0
configure:12843: g++ -E  -I/usr/include/mysql conftest.cpp
conftest.cpp:25:28: fatal error: ac_nonexistent.h: No such file or directory
compilation terminated.
configure:12843: $? = 1
configure: failed program was:
| /* confdefs.h */
| #define PACKAGE_NAME "mysql++"
| #define PACKAGE_TARNAME "mysql++"
| #define PACKAGE_VERSION "3.1.1"
| #define PACKAGE_STRING "mysql++ 3.1.1"
| #define PACKAGE_BUGREPORT "plusplus@lists.mysql.com"
| #define PACKAGE_URL ""
| #define STDC_HEADERS 1
| #define HAVE_SYS_TYPES_H 1
| #define HAVE_SYS_STAT_H 1
| #define HAVE_STDLIB_H 1
| #define HAVE_STRING_H 1
| #define HAVE_MEMORY_H 1
| #define HAVE_STRINGS_H 1
| #define HAVE_INTTYPES_H 1
| #define HAVE_STDINT_H 1
| #define HAVE_UNISTD_H 1
| #define HAVE_DLFCN_H 1
| #define LT_OBJDIR ".libs/"
| #define STDC_HEADERS 1
| #define HAVE_POSIX_GETOPT /**/
| #define HAVE_MYSQL_SSL_SET /**/
| #define HAVE_LOCALTIME_R 1
| /* end confdefs.h.  */
| #include <ac_nonexistent.h>
configure:12868: result: g++ -E
configure:12888: g++ -E  -I/usr/include/mysql conftest.cpp
configure:12888: $? = 0
configure:12902: g++ -E  -I/usr/include/mysql conftest.cpp
conftest.cpp:25:28: fatal error: ac_nonexistent.h: No such file or directory
compilation terminated.
configure:12902: $? = 1
configure: failed program was:
| /* confdefs.h */
| #define PACKAGE_NAME "mysql++"
| #define PACKAGE_TARNAME "mysql++"
| #define PACKAGE_VERSION "3.1.1"
| #define PACKAGE_STRING "mysql++ 3.1.1"
| #define PACKAGE_BUGREPORT "plusplus@lists.mysql.com"
| #define PACKAGE_URL ""
| #define STDC_HEADERS 1
| #define HAVE_SYS_TYPES_H 1
| #define HAVE_SYS_STAT_H 1
| #define HAVE_STDLIB_H 1
| #define HAVE_STRING_H 1
| #define HAVE_MEMORY_H 1
| #define HAVE_STRINGS_H 1
| #define HAVE_INTTYPES_H 1
| #define HAVE_STDINT_H 1
| #define HAVE_UNISTD_H 1
| #define HAVE_DLFCN_H 1
| #define LT_OBJDIR ".libs/"
| #define STDC_HEADERS 1
| #define HAVE_POSIX_GETOPT /**/
| #define HAVE_MYSQL_SSL_SET /**/
| #define HAVE_LOCALTIME_R 1
| /* end confdefs.h.  */
| #include <ac_nonexistent.h>
configure:13071: checking for ld used by g++
configure:13138: result: /usr/bin/ld -m elf_x86_64
configure:13145: checking if the linker (/usr/bin/ld -m elf_x86_64) is GNU ld
configure:13160: result: yes
configure:13215: checking whether the g++ linker (/usr/bin/ld -m elf_x86_64) supports shared libraries
configure:14220: result: yes
configure:14256: g++ -c -g -O2  -I/usr/include/mysql conftest.cpp >&5
configure:14259: $? = 0
configure:14779: checking for g++ option to produce PIC
configure:14786: result: -fPIC -DPIC
configure:14794: checking if g++ PIC flag -fPIC -DPIC works
configure:14812: g++ -c -g -O2  -I/usr/include/mysql -fPIC -DPIC -DPIC conftest.cpp >&5
configure:14816: $? = 0
configure:14829: result: yes
configure:14852: checking if g++ static flag -static works
configure:14880: result: yes
configure:14892: checking if g++ supports -c -o file.o
configure:14913: g++ -c -g -O2  -I/usr/include/mysql -o out/conftest2.o conftest.cpp >&5
configure:14917: $? = 0
configure:14939: result: yes
configure:14944: checking if g++ supports -c -o file.o
configure:14991: result: yes
configure:15021: checking whether the g++ linker (/usr/bin/ld -m elf_x86_64) supports shared libraries
configure:15060: result: yes
configure:15201: checking dynamic linker characteristics
configure:15880: result: GNU/Linux ld.so
configure:15933: checking how to hardcode library paths into programs
configure:15958: result: immediate
configure:16005: checking for STL slist extension
configure:16019: g++ -c -g -O2  -I/usr/include/mysql conftest.cpp >&5
conftest.cpp:25:17: fatal error: slist: No such file or directory
compilation terminated.
configure:16019: $? = 1
configure: failed program was:
| /* confdefs.h */
| #define PACKAGE_NAME "mysql++"
| #define PACKAGE_TARNAME "mysql++"
| #define PACKAGE_VERSION "3.1.1"
| #define PACKAGE_STRING "mysql++ 3.1.1"
| #define PACKAGE_BUGREPORT "plusplus@lists.mysql.com"
| #define PACKAGE_URL ""
| #define STDC_HEADERS 1
| #define HAVE_SYS_TYPES_H 1
| #define HAVE_SYS_STAT_H 1
| #define HAVE_STDLIB_H 1
| #define HAVE_STRING_H 1
| #define HAVE_MEMORY_H 1
| #define HAVE_STRINGS_H 1
| #define HAVE_INTTYPES_H 1
| #define HAVE_STDINT_H 1
| #define HAVE_UNISTD_H 1
| #define HAVE_DLFCN_H 1
| #define LT_OBJDIR ".libs/"
| #define STDC_HEADERS 1
| #define HAVE_POSIX_GETOPT /**/
| #define HAVE_MYSQL_SSL_SET /**/
| #define HAVE_LOCALTIME_R 1
| /* end confdefs.h.  */
| #include <slist>
| int
| main ()
| {
| slist<int> l
|   ;
|   return 0;
| }
configure:16044: g++ -c -g -O2  -I/usr/include/mysql conftest.cpp >&5
conftest.cpp:25:17: fatal error: slist: No such file or directory
compilation terminated.
configure:16044: $? = 1
configure: failed program was:
| /* confdefs.h */
| #define PACKAGE_NAME "mysql++"
| #define PACKAGE_TARNAME "mysql++"
| #define PACKAGE_VERSION "3.1.1"
| #define PACKAGE_STRING "mysql++ 3.1.1"
| #define PACKAGE_BUGREPORT "plusplus@lists.mysql.com"
| #define PACKAGE_URL ""
| #define STDC_HEADERS 1
| #define HAVE_SYS_TYPES_H 1
| #define HAVE_SYS_STAT_H 1
| #define HAVE_STDLIB_H 1
| #define HAVE_STRING_H 1
| #define HAVE_MEMORY_H 1
| #define HAVE_STRINGS_H 1
| #define HAVE_INTTYPES_H 1
| #define HAVE_STDINT_H 1
| #define HAVE_UNISTD_H 1
| #define HAVE_DLFCN_H 1
| #define LT_OBJDIR ".libs/"
| #define STDC_HEADERS 1
| #define HAVE_POSIX_GETOPT /**/
| #define HAVE_MYSQL_SSL_SET /**/
| #define HAVE_LOCALTIME_R 1
| /* end confdefs.h.  */
| #include <slist>
| int
| main ()
| {
| std::slist<int> l
|   ;
|   return 0;
| }
configure:16069: g++ -c -g -O2  -I/usr/include/mysql conftest.cpp >&5
configure:16069: $? = 0
configure:16085: result: <ext/slist>, namespace __gnu_cxx
configure:16103: checking whether we are using the Intel C compiler
configure:16123: gcc -c -g -O2  -I/usr/include/mysql conftest.c >&5
conftest.c: In function 'main':
conftest.c:32:17: error: unknown type name 'choke'
configure:16123: $? = 1
configure: failed program was:
| /* confdefs.h */
| #define PACKAGE_NAME "mysql++"
| #define PACKAGE_TARNAME "mysql++"
| #define PACKAGE_VERSION "3.1.1"
| #define PACKAGE_STRING "mysql++ 3.1.1"
| #define PACKAGE_BUGREPORT "plusplus@lists.mysql.com"
| #define PACKAGE_URL ""
| #define STDC_HEADERS 1
| #define HAVE_SYS_TYPES_H 1
| #define HAVE_SYS_STAT_H 1
| #define HAVE_STDLIB_H 1
| #define HAVE_STRING_H 1
| #define HAVE_MEMORY_H 1
| #define HAVE_STRINGS_H 1
| #define HAVE_INTTYPES_H 1
| #define HAVE_STDINT_H 1
| #define HAVE_UNISTD_H 1
| #define HAVE_DLFCN_H 1
| #define LT_OBJDIR ".libs/"
| #define STDC_HEADERS 1
| #define HAVE_POSIX_GETOPT /**/
| #define HAVE_MYSQL_SSL_SET /**/
| #define HAVE_LOCALTIME_R 1
| #define HAVE_EXT_SLIST 1
| /* end confdefs.h.  */
| 
| int
| main ()
| {
| 
|              #ifndef __INTEL_COMPILER
|                 choke me
|              #endif
| 
|   ;
|   return 0;
| }
configure:16133: result: no
configure:16862: checking whether we are using the Intel C++ compiler
configure:16882: g++ -c -g -O2  -I/usr/include/mysql conftest.cpp >&5
conftest.cpp: In function 'int main()':
conftest.cpp:32:17: error: 'choke' was not declared in this scope
conftest.cpp:32:23: error: expected ';' before 'me'
configure:16882: $? = 1
configure: failed program was:
| /* confdefs.h */
| #define PACKAGE_NAME "mysql++"
| #define PACKAGE_TARNAME "mysql++"
| #define PACKAGE_VERSION "3.1.1"
| #define PACKAGE_STRING "mysql++ 3.1.1"
| #define PACKAGE_BUGREPORT "plusplus@lists.mysql.com"
| #define PACKAGE_URL ""
| #define STDC_HEADERS 1
| #define HAVE_SYS_TYPES_H 1
| #define HAVE_SYS_STAT_H 1
| #define HAVE_STDLIB_H 1
| #define HAVE_STRING_H 1
| #define HAVE_MEMORY_H 1
| #define HAVE_STRINGS_H 1
| #define HAVE_INTTYPES_H 1
| #define HAVE_STDINT_H 1
| #define HAVE_UNISTD_H 1
| #define HAVE_DLFCN_H 1
| #define LT_OBJDIR ".libs/"
| #define STDC_HEADERS 1
| #define HAVE_POSIX_GETOPT /**/
| #define HAVE_MYSQL_SSL_SET /**/
| #define HAVE_LOCALTIME_R 1
| #define HAVE_EXT_SLIST 1
| /* end confdefs.h.  */
| 
| int
| main ()
| {
| 
|              #ifndef __INTEL_COMPILER
|                 choke me
|              #endif
| 
|   ;
|   return 0;
| }
configure:16892: result: no
configure:17390: checking whether we are using the Sun C++ compiler
configure:17410: g++ -c -g -O2  -I/usr/include/mysql conftest.cpp >&5
conftest.cpp: In function 'int main()':
conftest.cpp:32:17: error: 'choke' was not declared in this scope
conftest.cpp:32:23: error: expected ';' before 'me'
configure:17410: $? = 1
configure: failed program was:
| /* confdefs.h */
| #define PACKAGE_NAME "mysql++"
| #define PACKAGE_TARNAME "mysql++"
| #define PACKAGE_VERSION "3.1.1"
| #define PACKAGE_STRING "mysql++ 3.1.1"
| #define PACKAGE_BUGREPORT "plusplus@lists.mysql.com"
| #define PACKAGE_URL ""
| #define STDC_HEADERS 1
| #define HAVE_SYS_TYPES_H 1
| #define HAVE_SYS_STAT_H 1
| #define HAVE_STDLIB_H 1
| #define HAVE_STRING_H 1
| #define HAVE_MEMORY_H 1
| #define HAVE_STRINGS_H 1
| #define HAVE_INTTYPES_H 1
| #define HAVE_STDINT_H 1
| #define HAVE_UNISTD_H 1
| #define HAVE_DLFCN_H 1
| #define LT_OBJDIR ".libs/"
| #define STDC_HEADERS 1
| #define HAVE_POSIX_GETOPT /**/
| #define HAVE_MYSQL_SSL_SET /**/
| #define HAVE_LOCALTIME_R 1
| #define HAVE_EXT_SLIST 1
| /* end confdefs.h.  */
| 
| int
| main ()
| {
| 
|              #ifndef __SUNPRO_CC
|                 choke me
|              #endif
| 
|   ;
|   return 0;
| }
configure:17420: result: no
configure:17623: checking for a BSD-compatible install
configure:17691: result: /usr/bin/install -c
configure:17761: checking for ranlib
configure:17788: result: ranlib
configure:17811: checking whether ln -s works
configure:17815: result: yes
configure:17823: checking whether make sets $(MAKE)
configure:17845: result: yes
configure:17908: checking for ar
configure:17935: result: ar
configure:18004: checking for strip
configure:18031: result: strip
configure:18096: checking for nm
configure:18123: result: /usr/bin/nm -B
configure:18146: checking for command to install directories
configure:18153: result: /usr/bin/install -c -d
configure:18171: checking if make is GNU make
configure:18185: result: yes
configure:19227: checking for dependency tracking method
configure:19248: result: gcc
configure:19779: updating cache config.cache
configure:19828: creating ./config.status

## ---------------------- ##
## Running config.status. ##
## ---------------------- ##

This file was extended by mysql++ config.status 3.1.1, which was
generated by GNU Autoconf 2.68.  Invocation command line was

  CONFIG_FILES    = 
  CONFIG_HEADERS  = 
  CONFIG_LINKS    = 
  CONFIG_COMMANDS = 
  $ ./config.status 

on green-flame

config.status:1202: creating doc/userman/userman.dbx
config.status:1202: creating install.hta
config.status:1202: creating lib/Doxyfile
config.status:1202: creating lib/mysql++.h
config.status:1202: creating ssx/Doxyfile
config.status:1202: creating abi.xml
config.status:1202: creating mysql++.spec
config.status:1202: creating Makefile
config.status:1202: creating version
config.status:1202: creating config.h
config.status:1377: config.h is unchanged
config.status:1391: executing libtool commands

## ---------------- ##
## Cache variables. ##
## ---------------- ##

ac_cv_build=x86_64-unknown-linux-gnu
ac_cv_c_compiler_gnu=yes
ac_cv_cxx_compiler_gnu=yes
ac_cv_env_CCC_set=
ac_cv_env_CCC_value=
ac_cv_env_CC_set=
ac_cv_env_CC_value=
ac_cv_env_CFLAGS_set=
ac_cv_env_CFLAGS_value=
ac_cv_env_CPPFLAGS_set=
ac_cv_env_CPPFLAGS_value=
ac_cv_env_CPP_set=
ac_cv_env_CPP_value=
ac_cv_env_CXXCPP_set=
ac_cv_env_CXXCPP_value=
ac_cv_env_CXXFLAGS_set=
ac_cv_env_CXXFLAGS_value=
ac_cv_env_CXX_set=
ac_cv_env_CXX_value=
ac_cv_env_LDFLAGS_set=
ac_cv_env_LDFLAGS_value=
ac_cv_env_LIBS_set=
ac_cv_env_LIBS_value=
ac_cv_env_build_alias_set=
ac_cv_env_build_alias_value=
ac_cv_env_host_alias_set=
ac_cv_env_host_alias_value=
ac_cv_env_target_alias_set=
ac_cv_env_target_alias_value=
ac_cv_func_getopt=yes
ac_cv_header_dlfcn_h=yes
ac_cv_header_inttypes_h=yes
ac_cv_header_memory_h=yes
ac_cv_header_stdc=yes
ac_cv_header_stdint_h=yes
ac_cv_header_stdlib_h=yes
ac_cv_header_string_h=yes
ac_cv_header_strings_h=yes
ac_cv_header_sys_stat_h=yes
ac_cv_header_sys_types_h=yes
ac_cv_header_unistd_h=yes
ac_cv_host=x86_64-unknown-linux-gnu
ac_cv_lib_intl_main=no
ac_cv_lib_mysqlclient___mysql_ssl_set=yes
ac_cv_objext=o
ac_cv_path_EGREP='/bin/grep -E'
ac_cv_path_FGREP='/bin/grep -F'
ac_cv_path_GREP=/bin/grep
ac_cv_path_SED=/bin/sed
ac_cv_path_install='/usr/bin/install -c'
ac_cv_prog_AWK=mawk
ac_cv_prog_CPP='gcc -E'
ac_cv_prog_CXXCPP='g++ -E'
ac_cv_prog_ac_ct_AR=ar
ac_cv_prog_ac_ct_CC=gcc
ac_cv_prog_ac_ct_CXX=g++
ac_cv_prog_ac_ct_MANIFEST_TOOL=mt
ac_cv_prog_ac_ct_NM='/usr/bin/nm -B'
ac_cv_prog_ac_ct_OBJDUMP=objdump
ac_cv_prog_ac_ct_RANLIB=ranlib
ac_cv_prog_ac_ct_STRIP=strip
ac_cv_prog_cc_c89=
ac_cv_prog_cc_g=yes
ac_cv_prog_cxx_g=yes
ac_cv_prog_make_make_set=yes
ac_cv_target=x86_64-unknown-linux-gnu
bakefile_cv_c_compiler___INTEL_COMPILER=no
bakefile_cv_cxx_compiler___INTEL_COMPILER=no
bakefile_cv_cxx_compiler___SUNPRO_CC=no
bakefile_cv_prog_makeisgnu=yes
lt_cv_ar_at_file=@
lt_cv_archive_cmds_need_lc=no
lt_cv_deplibs_check_method=pass_all
lt_cv_file_magic_cmd='$MAGIC_CMD'
lt_cv_file_magic_test_file=
lt_cv_ld_reload_flag=-r
lt_cv_nm_interface='BSD nm'
lt_cv_objdir=.libs
lt_cv_path_LD=/usr/bin/ld
lt_cv_path_LDCXX='/usr/bin/ld -m elf_x86_64'
lt_cv_path_NM='/usr/bin/nm -B'
lt_cv_path_mainfest_tool=no
lt_cv_prog_compiler_c_o=yes
lt_cv_prog_compiler_c_o_CXX=yes
lt_cv_prog_compiler_pic='-fPIC -DPIC'
lt_cv_prog_compiler_pic_CXX='-fPIC -DPIC'
lt_cv_prog_compiler_pic_works=yes
lt_cv_prog_compiler_pic_works_CXX=yes
lt_cv_prog_compiler_rtti_exceptions=no
lt_cv_prog_compiler_static_works=yes
lt_cv_prog_compiler_static_works_CXX=yes
lt_cv_prog_gnu_ld=yes
lt_cv_prog_gnu_ldcxx=yes
lt_cv_sharedlib_from_linklib_cmd='printf %s\n'
lt_cv_shlibpath_overrides_runpath=no
lt_cv_sys_global_symbol_pipe='sed -n -e '\''s/^.*[	 ]\([ABCDGIRSTW][ABCDGIRSTW]*\)[	 ][	 ]*\([_A-Za-z][_A-Za-z0-9]*\)$/\1 \2 \2/p'\'' | sed '\''/ __gnu_lto/d'\'''
lt_cv_sys_global_symbol_to_c_name_address='sed -n -e '\''s/^: \([^ ]*\)[ ]*$/  {\"\1\", (void *) 0},/p'\'' -e '\''s/^[ABCDGIRSTW]* \([^ ]*\) \([^ ]*\)$/  {"\2", (void *) \&\2},/p'\'''
lt_cv_sys_global_symbol_to_c_name_address_lib_prefix='sed -n -e '\''s/^: \([^ ]*\)[ ]*$/  {\"\1\", (void *) 0},/p'\'' -e '\''s/^[ABCDGIRSTW]* \([^ ]*\) \(lib[^ ]*\)$/  {"\2", (void *) \&\2},/p'\'' -e '\''s/^[ABCDGIRSTW]* \([^ ]*\) \([^ ]*\)$/  {"lib\2", (void *) \&\2},/p'\'''
lt_cv_sys_global_symbol_to_cdecl='sed -n -e '\''s/^T .* \(.*\)$/extern int \1();/p'\'' -e '\''s/^[ABCDGIRSTW]* .* \(.*\)$/extern char \1;/p'\'''
lt_cv_sys_max_cmd_len=1572864
lt_cv_to_host_file_cmd=func_convert_file_noop
lt_cv_to_tool_file_cmd=func_convert_file_noop

## ----------------- ##
## Output variables. ##
## ----------------- ##

AIX_CXX_LD=''
AR='ar'
AROPTIONS='rcu'
AWK='mawk'
BK_DEPS='/home/nox/src/mysql++svn/mysqlpp/bk-deps'
CC='gcc'
CFLAGS='-g -O2'
COND_BUILD_debug='#'
COND_BUILD_release='#'
COND_DEPS_TRACKING_0='#'
COND_DEPS_TRACKING_1=''
COND_PLATFORM_MACOSX_0_USE_SOVERCYGWIN_0_USE_SOVERSION_1=''
COND_PLATFORM_MACOSX_0_USE_SOVERSION_1=''
COND_PLATFORM_MACOSX_1='#'
COND_PLATFORM_MACOSX_1_USE_SOVERSION_1='#'
COND_PLATFORM_MAC_0=''
COND_PLATFORM_MAC_1='#'
COND_PLATFORM_OS2_1='#'
COND_USE_SOTWOSYMLINKS_1=''
COND_USE_SOVERCYGWIN_1_USE_SOVERSION_1='#'
COND_USE_SOVERLINUX_1=''
COND_USE_SOVERSION_0='#'
COND_USE_SOVERSION_1_USE_SOVERSOLARIS_1='#'
COND_USE_SOVERSOLARIS_1='#'
COND_WINDOWS_IMPLIB_1='#'
CPP='gcc -E'
CPPFLAGS=' -I/usr/include/mysql'
CXX='g++'
CXXCPP='g++ -E'
CXXFLAGS='-g -O2'
DEFS='-DHAVE_CONFIG_H'
DEPS_TRACKING='1'
DLLIMP_SUFFIX='so'
DLLPREFIX='lib'
DLLPREFIX_MODULE=''
DLLTOOL='false'
DSYMUTIL=''
DUMPBIN=''
ECHO_C=''
ECHO_N='-n'
ECHO_T=''
EGREP='/bin/grep -E'
EXEEXT=''
FGREP='/bin/grep -F'
GREP='/bin/grep'
IF_GNU_MAKE=''
INSTALL_DATA='${INSTALL} -m 644'
INSTALL_DIR='$(INSTALL) -d'
INSTALL_PROGRAM='${INSTALL}'
INSTALL_SCRIPT='${INSTALL}'
LD='/usr/bin/ld -m elf_x86_64'
LDFLAGS=' -L/usr/lib/x86_64-linux-gnu'
LDFLAGS_GUI=''
LIBEXT='.a'
LIBOBJS=''
LIBPREFIX='lib'
LIBS=''
LIBTOOL='$(SHELL) $(top_builddir)/libtool'
LIBTOOL_DEPS='./ltmain.sh'
LIPO=''
LN_S='ln -s'
LTLIBOBJS=''
MAKE_SET=''
MANIFEST_TOOL=':'
MYSQLPP_EXTRA_LIBS=''
MYSQLPP_VERSION_BUGFIX='1'
MYSQLPP_VERSION_MAJOR='3'
MYSQLPP_VERSION_MINOR='1'
MYSQL_C_INC_DIR='/usr/include/mysql'
MYSQL_C_LIB_DIR='/usr/lib/x86_64-linux-gnu'
MYSQL_C_LIB_NAME='mysqlclient'
NM='/usr/bin/nm -B'
NMEDIT=''
OBJCXXFLAGS=''
OBJDUMP='objdump'
OBJEXT='o'
OTOOL64=''
OTOOL=''
PACKAGE_BUGREPORT='plusplus@lists.mysql.com'
PACKAGE_NAME='mysql++'
PACKAGE_STRING='mysql++ 3.1.1'
PACKAGE_TARNAME='mysql++'
PACKAGE_URL=''
PACKAGE_VERSION='3.1.1'
PATH_SEPARATOR=':'
PIC_FLAG='-fPIC -DPIC'
PLATFORM_BEOS='0'
PLATFORM_MAC='0'
PLATFORM_MACOS='0'
PLATFORM_MACOSX='0'
PLATFORM_MSDOS='0'
PLATFORM_OS2='0'
PLATFORM_UNIX='1'
PLATFORM_WIN32='0'
PTHREAD_CC=''
PTHREAD_CFLAGS=''
PTHREAD_LIBS=''
RANLIB='ranlib'
REZ=''
SED='/bin/sed'
SETFILE=''
SET_MAKE=''
SHARED_LD_CC='$(CC) -shared -fPIC -o'
SHARED_LD_CXX='$(CXX) -shared -fPIC -o'
SHARED_LD_MODULE_CC='$(CC) -shared -fPIC -o'
SHARED_LD_MODULE_CXX='$(CXX) -shared -fPIC -o'
SHELL='/bin/bash'
SONAME_FLAG='-Wl,-soname,'
SO_SUFFIX='so'
SO_SUFFIX_MODULE='so'
STRIP='strip'
USE_MACVERSION='0'
USE_SOTWOSYMLINKS='1'
USE_SOVERCYGWIN='0'
USE_SOVERLINUX='1'
USE_SOVERSION='1'
USE_SOVERSOLARIS='0'
WINDOWS_IMPLIB='0'
WINDRES=''
ac_ct_AR='ar'
ac_ct_CC='gcc'
ac_ct_CXX='g++'
ac_ct_DUMPBIN=''
acx_pthread_config=''
bindir='${exec_prefix}/bin'
build='x86_64-unknown-linux-gnu'
build_alias=''
build_cpu='x86_64'
build_os='linux-gnu'
build_vendor='unknown'
datadir='${datarootdir}'
datarootdir='${prefix}/share'
dlldir='${exec_prefix}/lib'
docdir='${datarootdir}/doc/${PACKAGE_TARNAME}'
dvidir='${docdir}'
exec_prefix='${prefix}'
host='x86_64-unknown-linux-gnu'
host_alias=''
host_cpu='x86_64'
host_os='linux-gnu'
host_vendor='unknown'
htmldir='${docdir}'
includedir='${prefix}/include'
infodir='${datarootdir}/info'
libdir='${exec_prefix}/lib'
libexecdir='${exec_prefix}/libexec'
localedir='${datarootdir}/locale'
localstatedir='${prefix}/var'
mandir='${datarootdir}/man'
oldincludedir='/usr/include'
pdfdir='${docdir}'
prefix='/usr/local'
program_transform_name='s,x,x,'
psdir='${docdir}'
sbindir='${exec_prefix}/sbin'
sharedstatedir='${prefix}/com'
sysconfdir='${prefix}/etc'
target='x86_64-unknown-linux-gnu'
target_alias=''
target_cpu='x86_64'
target_os='linux-gnu'
target_vendor='unknown'

## ----------- ##
## confdefs.h. ##
## ----------- ##

/* confdefs.h */
#define PACKAGE_NAME "mysql++"
#define PACKAGE_TARNAME "mysql++"
#define PACKAGE_VERSION "3.1.1"
#define PACKAGE_STRING "mysql++ 3.1.1"
#define PACKAGE_BUGREPORT "plusplus@lists.mysql.com"
#define PACKAGE_URL ""
#define STDC_HEADERS 1
#define HAVE_SYS_TYPES_H 1
#define HAVE_SYS_STAT_H 1
#define HAVE_STDLIB_H 1
#define HAVE_STRING_H 1
#define HAVE_MEMORY_H 1
#define HAVE_STRINGS_H 1
#define HAVE_INTTYPES_H 1
#define HAVE_STDINT_H 1
#define HAVE_UNISTD_H 1
#define HAVE_DLFCN_H 1
#define LT_OBJDIR ".libs/"
#define STDC_HEADERS 1
#define HAVE_POSIX_GETOPT /**/
#define HAVE_MYSQL_SSL_SET /**/
#define HAVE_LOCALTIME_R 1
#define HAVE_EXT_SLIST 1

configure: exit 0
