This file contains any messages produced by compilers while
running configure, to aid debugging if configure makes a mistake.

It was created by bakefile configure 0.2.9, which was
generated by GNU Autoconf 2.68.  Invocation command line was

  $ ./configure 

## --------- ##
## Platform. ##
## --------- ##

hostname = green-flame
uname -m = x86_64
uname -r = 3.2.0-26-generic
uname -s = Linux
uname -v = #41-Ubuntu SMP Thu Jun 14 17:49:24 UTC 2012

/usr/bin/uname -p = unknown
/bin/uname -X     = unknown

/bin/arch              = unknown
/usr/bin/arch -k       = unknown
/usr/convex/getsysinfo = unknown
/usr/bin/hostinfo      = unknown
/bin/machine           = unknown
/usr/bin/oslevel       = unknown
/bin/universe          = unknown

PATH: /usr/lib/lightdm/lightdm
PATH: /usr/local/sbin
PATH: /usr/local/bin
PATH: /usr/sbin
PATH: /usr/bin
PATH: /sbin
PATH: /bin
PATH: /usr/games


## ----------- ##
## Core tests. ##
## ----------- ##

configure:2141: checking build system type
configure:2155: result: x86_64-unknown-linux-gnu
configure:2175: checking host system type
configure:2188: result: x86_64-unknown-linux-gnu
configure:2225: checking for a BSD-compatible install
configure:2293: result: /usr/bin/install -c
configure:2304: checking whether build environment is sane
configure:2354: result: yes
configure:2495: checking for a thread-safe mkdir -p
configure:2534: result: /bin/mkdir -p
configure:2547: checking for gawk
configure:2577: result: no
configure:2547: checking for mawk
configure:2563: found /usr/bin/mawk
configure:2574: result: mawk
configure:2585: checking whether make sets $(MAKE)
configure:2607: result: yes
configure:2688: checking whether to enable maintainer-specific portions of Makefiles
configure:2697: result: no
configure:2759: checking for gcc
configure:2775: found /usr/bin/gcc
configure:2786: result: gcc
configure:3015: checking for C compiler version
configure:3024: gcc --version >&5
gcc (Ubuntu/Linaro 4.6.3-1ubuntu5) 4.6.3
Copyright (C) 2011 Free Software Foundation, Inc.
This is free software; see the source for copying conditions.  There is NO
warranty; not even for MERCHANTABILITY or FITNESS FOR A PARTICULAR PURPOSE.

configure:3035: $? = 0
configure:3024: gcc -v >&5
Using built-in specs.
COLLECT_GCC=gcc
COLLECT_LTO_WRAPPER=/usr/lib/gcc/x86_64-linux-gnu/4.6/lto-wrapper
Target: x86_64-linux-gnu
Configured with: ../src/configure -v --with-pkgversion='Ubuntu/Linaro 4.6.3-1ubuntu5' --with-bugurl=file:///usr/share/doc/gcc-4.6/README.Bugs --enable-languages=c,c++,fortran,objc,obj-c++ --prefix=/usr --program-suffix=-4.6 --enable-shared --enable-linker-build-id --with-system-zlib --libexecdir=/usr/lib --without-included-gettext --enable-threads=posix --with-gxx-include-dir=/usr/include/c++/4.6 --libdir=/usr/lib --enable-nls --with-sysroot=/ --enable-clocale=gnu --enable-libstdcxx-debug --enable-libstdcxx-time=yes --enable-gnu-unique-object --enable-plugin --enable-objc-gc --disable-werror --with-arch-32=i686 --with-tune=generic --enable-checking=release --build=x86_64-linux-gnu --host=x86_64-linux-gnu --target=x86_64-linux-gnu
Thread model: posix
gcc version 4.6.3 (Ubuntu/Linaro 4.6.3-1ubuntu5) 
configure:3035: $? = 0
configure:3024: gcc -V >&5
gcc: error: unrecognized option '-V'
gcc: fatal error: no input files
compilation terminated.
configure:3035: $? = 4
configure:3024: gcc -qversion >&5
gcc: error: unrecognized option '-qversion'
gcc: fatal error: no input files
compilation terminated.
configure:3035: $? = 4
configure:3055: checking whether the C compiler works
configure:3077: gcc    conftest.c  >&5
configure:3081: $? = 0
configure:3129: result: yes
configure:3132: checking for C compiler default output file name
configure:3134: result: a.out
configure:3140: checking for suffix of executables
configure:3147: gcc -o conftest    conftest.c  >&5
configure:3151: $? = 0
configure:3173: result: 
configure:3195: checking whether we are cross compiling
configure:3203: gcc -o conftest    conftest.c  >&5
configure:3207: $? = 0
configure:3214: ./conftest
configure:3218: $? = 0
configure:3233: result: no
configure:3238: checking for suffix of object files
configure:3260: gcc -c   conftest.c >&5
configure:3264: $? = 0
configure:3285: result: o
configure:3289: checking whether we are using the GNU C compiler
configure:3308: gcc -c   conftest.c >&5
configure:3308: $? = 0
configure:3317: result: yes
configure:3326: checking whether gcc accepts -g
configure:3346: gcc -c -g  conftest.c >&5
configure:3346: $? = 0
configure:3387: result: yes
configure:3404: checking for gcc option to accept ISO C89
configure:3468: gcc  -c -g -O2  conftest.c >&5
configure:3468: $? = 0
configure:3481: result: none needed
configure:3512: checking for style of include used by make
configure:3540: result: GNU
configure:3565: checking dependency style of gcc
configure:3675: result: gcc3
configure:3767: checking how to print strings
configure:3794: result: printf
configure:3815: checking for a sed that does not truncate output
configure:3879: result: /bin/sed
configure:3897: checking for grep that handles long lines and -e
configure:3955: result: /bin/grep
configure:3960: checking for egrep
configure:4022: result: /bin/grep -E
configure:4027: checking for fgrep
configure:4089: result: /bin/grep -F
configure:4124: checking for ld used by gcc
configure:4191: result: /usr/bin/ld
configure:4198: checking if the linker (/usr/bin/ld) is GNU ld
configure:4213: result: yes
configure:4225: checking for BSD- or MS-compatible name lister (nm)
configure:4274: result: /usr/bin/nm -B
configure:4404: checking the name lister (/usr/bin/nm -B) interface
configure:4411: gcc -c -g -O2  conftest.c >&5
configure:4414: /usr/bin/nm -B "conftest.o"
configure:4417: output
0000000000000000 B some_variable
configure:4424: result: BSD nm
configure:4427: checking whether ln -s works
configure:4431: result: yes
configure:4439: checking the maximum length of command line arguments
configure:4564: result: 1572864
configure:4581: checking whether the shell understands some XSI constructs
configure:4591: result: yes
configure:4595: checking whether the shell understands "+="
configure:4601: result: yes
configure:4636: checking how to convert x86_64-unknown-linux-gnu file names to x86_64-unknown-linux-gnu format
configure:4676: result: func_convert_file_noop
configure:4683: checking how to convert x86_64-unknown-linux-gnu file names to toolchain format
configure:4703: result: func_convert_file_noop
configure:4710: checking for /usr/bin/ld option to reload object files
configure:4717: result: -r
configure:4791: checking for objdump
configure:4807: found /usr/bin/objdump
configure:4818: result: objdump
configure:4850: checking how to recognize dependent libraries
configure:5052: result: pass_all
configure:5137: checking for dlltool
configure:5167: result: no
configure:5197: checking how to associate runtime and link libraries
configure:5224: result: printf %s\n
configure:5285: checking for ar
configure:5301: found /usr/bin/ar
configure:5312: result: ar
configure:5349: checking for archiver @FILE support
configure:5366: gcc -c -g -O2  conftest.c >&5
configure:5366: $? = 0
configure:5369: ar cru libconftest.a @conftest.lst >&5
configure:5372: $? = 0
configure:5377: ar cru libconftest.a @conftest.lst >&5
ar: conftest.o: No such file or directory
configure:5380: $? = 1
configure:5392: result: @
configure:5450: checking for strip
configure:5466: found /usr/bin/strip
configure:5477: result: strip
configure:5549: checking for ranlib
configure:5565: found /usr/bin/ranlib
configure:5576: result: ranlib
configure:5678: checking command to parse /usr/bin/nm -B output from gcc object
configure:5797: gcc -c -g -O2  conftest.c >&5
configure:5800: $? = 0
configure:5804: /usr/bin/nm -B conftest.o \| sed -n -e 's/^.*[ ]\([ABCDGIRSTW][ABCDGIRSTW]*\)[ ][ ]*\([_A-Za-z][_A-Za-z0-9]*\)$/\1 \2 \2/p' | sed '/ __gnu_lto/d' \> conftest.nm
configure:5807: $? = 0
configure:5873: gcc -o conftest -g -O2   conftest.c conftstm.o >&5
configure:5876: $? = 0
configure:5914: result: ok
configure:5951: checking for sysroot
configure:5981: result: no
configure:6058: gcc -c -g -O2  conftest.c >&5
configure:6061: $? = 0
configure:6224: checking for mt
configure:6240: found /bin/mt
configure:6251: result: mt
configure:6274: checking if mt is a manifest tool
configure:6280: mt '-?'
configure:6288: result: no
configure:6920: checking how to run the C preprocessor
configure:6951: gcc -E  conftest.c
configure:6951: $? = 0
configure:6965: gcc -E  conftest.c
conftest.c:11:28: fatal error: ac_nonexistent.h: No such file or directory
compilation terminated.
configure:6965: $? = 1
configure: failed program was:
| /* confdefs.h */
| #define PACKAGE_NAME "bakefile"
| #define PACKAGE_TARNAME "bakefile"
| #define PACKAGE_VERSION "0.2.9"
| #define PACKAGE_STRING "bakefile 0.2.9"
| #define PACKAGE_BUGREPORT "bakefile-devel@lists.sourceforge.net"
| #define PACKAGE_URL ""
| #define PACKAGE "bakefile"
| #define VERSION "0.2.9"
| /* end confdefs.h.  */
| #include <ac_nonexistent.h>
configure:6990: result: gcc -E
configure:7010: gcc -E  conftest.c
configure:7010: $? = 0
configure:7024: gcc -E  conftest.c
conftest.c:11:28: fatal error: ac_nonexistent.h: No such file or directory
compilation terminated.
configure:7024: $? = 1
configure: failed program was:
| /* confdefs.h */
| #define PACKAGE_NAME "bakefile"
| #define PACKAGE_TARNAME "bakefile"
| #define PACKAGE_VERSION "0.2.9"
| #define PACKAGE_STRING "bakefile 0.2.9"
| #define PACKAGE_BUGREPORT "bakefile-devel@lists.sourceforge.net"
| #define PACKAGE_URL ""
| #define PACKAGE "bakefile"
| #define VERSION "0.2.9"
| /* end confdefs.h.  */
| #include <ac_nonexistent.h>
configure:7053: checking for ANSI C header files
configure:7073: gcc -c -g -O2  conftest.c >&5
configure:7073: $? = 0
configure:7146: gcc -o conftest -g -O2   conftest.c  >&5
configure:7146: $? = 0
configure:7146: ./conftest
configure:7146: $? = 0
configure:7157: result: yes
configure:7170: checking for sys/types.h
configure:7170: gcc -c -g -O2  conftest.c >&5
configure:7170: $? = 0
configure:7170: result: yes
configure:7170: checking for sys/stat.h
configure:7170: gcc -c -g -O2  conftest.c >&5
configure:7170: $? = 0
configure:7170: result: yes
configure:7170: checking for stdlib.h
configure:7170: gcc -c -g -O2  conftest.c >&5
configure:7170: $? = 0
configure:7170: result: yes
configure:7170: checking for string.h
configure:7170: gcc -c -g -O2  conftest.c >&5
configure:7170: $? = 0
configure:7170: result: yes
configure:7170: checking for memory.h
configure:7170: gcc -c -g -O2  conftest.c >&5
configure:7170: $? = 0
configure:7170: result: yes
configure:7170: checking for strings.h
configure:7170: gcc -c -g -O2  conftest.c >&5
configure:7170: $? = 0
configure:7170: result: yes
configure:7170: checking for inttypes.h
configure:7170: gcc -c -g -O2  conftest.c >&5
configure:7170: $? = 0
configure:7170: result: yes
configure:7170: checking for stdint.h
configure:7170: gcc -c -g -O2  conftest.c >&5
configure:7170: $? = 0
configure:7170: result: yes
configure:7170: checking for unistd.h
configure:7170: gcc -c -g -O2  conftest.c >&5
configure:7170: $? = 0
configure:7170: result: yes
configure:7184: checking for dlfcn.h
configure:7184: gcc -c -g -O2  conftest.c >&5
configure:7184: $? = 0
configure:7184: result: yes
configure:7341: checking for objdir
configure:7356: result: .libs
configure:7623: checking if gcc supports -fno-rtti -fno-exceptions
configure:7641: gcc -c -g -O2  -fno-rtti -fno-exceptions conftest.c >&5
cc1: warning: command line option '-fno-rtti' is valid for C++/ObjC++ but not for C [enabled by default]
configure:7645: $? = 0
configure:7658: result: no
configure:7968: checking for gcc option to produce PIC
configure:7975: result: -fPIC -DPIC
configure:7983: checking if gcc PIC flag -fPIC -DPIC works
configure:8001: gcc -c -g -O2  -fPIC -DPIC -DPIC conftest.c >&5
configure:8005: $? = 0
configure:8018: result: yes
configure:8047: checking if gcc static flag -static works
configure:8075: result: yes
configure:8090: checking if gcc supports -c -o file.o
configure:8111: gcc -c -g -O2  -o out/conftest2.o conftest.c >&5
configure:8115: $? = 0
configure:8137: result: yes
configure:8145: checking if gcc supports -c -o file.o
configure:8192: result: yes
configure:8225: checking whether the gcc linker (/usr/bin/ld -m elf_x86_64) supports shared libraries
configure:9383: result: yes
configure:9420: checking whether -lc should be explicitly linked in
configure:9428: gcc -c -g -O2  conftest.c >&5
configure:9431: $? = 0
configure:9446: gcc -shared  -fPIC -DPIC conftest.o  -v -Wl,-soname -Wl,conftest -o conftest 2\>\&1 \| /bin/grep  -lc  \>/dev/null 2\>\&1
configure:9449: $? = 0
configure:9463: result: no
configure:9628: checking dynamic linker characteristics
configure:10142: gcc -o conftest -g -O2   -Wl,-rpath -Wl,/foo conftest.c  >&5
configure:10142: $? = 0
configure:10364: result: GNU/Linux ld.so
configure:10471: checking how to hardcode library paths into programs
configure:10496: result: immediate
configure:11036: checking whether stripping libraries is possible
configure:11041: result: yes
configure:11076: checking if libtool supports shared libraries
configure:11078: result: yes
configure:11081: checking whether to build shared libraries
configure:11102: result: yes
configure:11105: checking whether to build static libraries
configure:11109: result: no
configure:11176: checking for a Python interpreter with version >= 2.3.0
configure:11193: python -c import sys # split strings by '.' and convert to numeric. Append some zeros # because we need at least 4 digits for the hex conversion. # map returns an iterator in Python 3.0 and a list in 2.x minver = list(map(int, '2.3.0'.split('.'))) + [0, 0, 0] minverhex = 0 # xrange is not present in Python 3.0 and range returns an iterator for i in list(range(0, 4)): minverhex = (minverhex << 8) + minver[i] sys.exit(sys.hexversion < minverhex)
configure:11196: $? = 0
configure:11202: result: python
configure:11210: checking for python
configure:11228: found /usr/bin/python
configure:11240: result: /usr/bin/python
configure:11258: checking for python version
configure:11265: result: 2.7
configure:11277: checking for python platform
configure:11284: result: linux2
configure:11291: checking for python script directory
configure:11320: result: ${prefix}/lib/python2.7/dist-packages
configure:11329: checking for python extension module directory
configure:11358: result: ${exec_prefix}/lib/python2.7/dist-packages
configure:11375: checking for Python include path
configure:11378: result: /usr/include/python2.7
configure:11580: creating ./config.status

## ---------------------- ##
## Running config.status. ##
## ---------------------- ##

This file was extended by bakefile config.status 0.2.9, which was
generated by GNU Autoconf 2.68.  Invocation command line was

  CONFIG_FILES    = 
  CONFIG_HEADERS  = 
  CONFIG_LINKS    = 
  CONFIG_COMMANDS = 
  $ ./config.status 

on green-flame

config.status:1026: creating Makefile
config.status:1026: creating doc/Makefile
config.status:1198: executing depfiles commands
config.status:1198: executing libtool commands

## ---------------- ##
## Cache variables. ##
## ---------------- ##

ac_cv_build=x86_64-unknown-linux-gnu
ac_cv_c_compiler_gnu=yes
ac_cv_env_CC_set=
ac_cv_env_CC_value=
ac_cv_env_CFLAGS_set=
ac_cv_env_CFLAGS_value=
ac_cv_env_CPPFLAGS_set=
ac_cv_env_CPPFLAGS_value=
ac_cv_env_CPP_set=
ac_cv_env_CPP_value=
ac_cv_env_LDFLAGS_set=
ac_cv_env_LDFLAGS_value=
ac_cv_env_LIBS_set=
ac_cv_env_LIBS_value=
ac_cv_env_build_alias_set=
ac_cv_env_build_alias_value=
ac_cv_env_host_alias_set=
ac_cv_env_host_alias_value=
ac_cv_env_target_alias_set=
ac_cv_env_target_alias_value=
ac_cv_header_dlfcn_h=yes
ac_cv_header_inttypes_h=yes
ac_cv_header_memory_h=yes
ac_cv_header_stdc=yes
ac_cv_header_stdint_h=yes
ac_cv_header_stdlib_h=yes
ac_cv_header_string_h=yes
ac_cv_header_strings_h=yes
ac_cv_header_sys_stat_h=yes
ac_cv_header_sys_types_h=yes
ac_cv_header_unistd_h=yes
ac_cv_host=x86_64-unknown-linux-gnu
ac_cv_objext=o
ac_cv_path_EGREP='/bin/grep -E'
ac_cv_path_FGREP='/bin/grep -F'
ac_cv_path_GREP=/bin/grep
ac_cv_path_PYTHON=/usr/bin/python
ac_cv_path_SED=/bin/sed
ac_cv_path_install='/usr/bin/install -c'
ac_cv_path_mkdir=/bin/mkdir
ac_cv_prog_AWK=mawk
ac_cv_prog_CPP='gcc -E'
ac_cv_prog_ac_ct_AR=ar
ac_cv_prog_ac_ct_CC=gcc
ac_cv_prog_ac_ct_MANIFEST_TOOL=mt
ac_cv_prog_ac_ct_OBJDUMP=objdump
ac_cv_prog_ac_ct_RANLIB=ranlib
ac_cv_prog_ac_ct_STRIP=strip
ac_cv_prog_cc_c89=
ac_cv_prog_cc_g=yes
ac_cv_prog_make_make_set=yes
am_cv_CC_dependencies_compiler_type=gcc3
am_cv_pathless_PYTHON=python
am_cv_python_platform=linux2
am_cv_python_pyexecdir='${exec_prefix}/lib/python2.7/dist-packages'
am_cv_python_pythondir='${prefix}/lib/python2.7/dist-packages'
am_cv_python_version=2.7
lt_cv_ar_at_file=@
lt_cv_archive_cmds_need_lc=no
lt_cv_deplibs_check_method=pass_all
lt_cv_file_magic_cmd='$MAGIC_CMD'
lt_cv_file_magic_test_file=
lt_cv_ld_reload_flag=-r
lt_cv_nm_interface='BSD nm'
lt_cv_objdir=.libs
lt_cv_path_LD=/usr/bin/ld
lt_cv_path_NM='/usr/bin/nm -B'
lt_cv_path_mainfest_tool=no
lt_cv_prog_compiler_c_o=yes
lt_cv_prog_compiler_pic='-fPIC -DPIC'
lt_cv_prog_compiler_pic_works=yes
lt_cv_prog_compiler_rtti_exceptions=no
lt_cv_prog_compiler_static_works=yes
lt_cv_prog_gnu_ld=yes
lt_cv_sharedlib_from_linklib_cmd='printf %s\n'
lt_cv_shlibpath_overrides_runpath=no
lt_cv_sys_global_symbol_pipe='sed -n -e '\''s/^.*[	 ]\([ABCDGIRSTW][ABCDGIRSTW]*\)[	 ][	 ]*\([_A-Za-z][_A-Za-z0-9]*\)$/\1 \2 \2/p'\'' | sed '\''/ __gnu_lto/d'\'''
lt_cv_sys_global_symbol_to_c_name_address='sed -n -e '\''s/^: \([^ ]*\)[ ]*$/  {\"\1\", (void *) 0},/p'\'' -e '\''s/^[ABCDGIRSTW]* \([^ ]*\) \([^ ]*\)$/  {"\2", (void *) \&\2},/p'\'''
lt_cv_sys_global_symbol_to_c_name_address_lib_prefix='sed -n -e '\''s/^: \([^ ]*\)[ ]*$/  {\"\1\", (void *) 0},/p'\'' -e '\''s/^[ABCDGIRSTW]* \([^ ]*\) \(lib[^ ]*\)$/  {"\2", (void *) \&\2},/p'\'' -e '\''s/^[ABCDGIRSTW]* \([^ ]*\) \([^ ]*\)$/  {"lib\2", (void *) \&\2},/p'\'''
lt_cv_sys_global_symbol_to_cdecl='sed -n -e '\''s/^T .* \(.*\)$/extern int \1();/p'\'' -e '\''s/^[ABCDGIRSTW]* .* \(.*\)$/extern char \1;/p'\'''
lt_cv_sys_max_cmd_len=1572864
lt_cv_to_host_file_cmd=func_convert_file_noop
lt_cv_to_tool_file_cmd=func_convert_file_noop

## ----------------- ##
## Output variables. ##
## ----------------- ##

ACLOCAL='${SHELL} /home/nox/src/bakefile-0.2.9/admin/missing --run aclocal-1.11'
AMDEPBACKSLASH='\'
AMDEP_FALSE='#'
AMDEP_TRUE=''
AMTAR='${SHELL} /home/nox/src/bakefile-0.2.9/admin/missing --run tar'
AR='ar'
AUTOCONF='${SHELL} /home/nox/src/bakefile-0.2.9/admin/missing --run autoconf'
AUTOHEADER='${SHELL} /home/nox/src/bakefile-0.2.9/admin/missing --run autoheader'
AUTOMAKE='${SHELL} /home/nox/src/bakefile-0.2.9/admin/missing --run automake-1.11'
AWK='mawk'
BUILD_DOCS_FALSE=''
BUILD_DOCS_TRUE='#'
CC='gcc'
CCDEPMODE='depmode=gcc3'
CFLAGS='-g -O2'
CPP='gcc -E'
CPPFLAGS=''
CYGPATH_W='echo'
DEFS='-DPACKAGE_NAME=\"bakefile\" -DPACKAGE_TARNAME=\"bakefile\" -DPACKAGE_VERSION=\"0.2.9\" -DPACKAGE_STRING=\"bakefile\ 0.2.9\" -DPACKAGE_BUGREPORT=\"bakefile-devel@lists.sourceforge.net\" -DPACKAGE_URL=\"\" -DPACKAGE=\"bakefile\" -DVERSION=\"0.2.9\" -DSTDC_HEADERS=1 -DHAVE_SYS_TYPES_H=1 -DHAVE_SYS_STAT_H=1 -DHAVE_STDLIB_H=1 -DHAVE_STRING_H=1 -DHAVE_MEMORY_H=1 -DHAVE_STRINGS_H=1 -DHAVE_INTTYPES_H=1 -DHAVE_STDINT_H=1 -DHAVE_UNISTD_H=1 -DHAVE_DLFCN_H=1 -DLT_OBJDIR=\".libs/\"'
DEPDIR='.deps'
DLLTOOL='false'
DSYMUTIL=''
DUMPBIN=''
ECHO_C=''
ECHO_N='-n'
ECHO_T=''
EGREP='/bin/grep -E'
EXEEXT=''
FGREP='/bin/grep -F'
GREP='/bin/grep'
INSTALL_DATA='${INSTALL} -m 644'
INSTALL_PROGRAM='${INSTALL}'
INSTALL_SCRIPT='${INSTALL}'
INSTALL_STRIP_PROGRAM='$(install_sh) -c -s'
LD='/usr/bin/ld -m elf_x86_64'
LDFLAGS=''
LIBOBJS=''
LIBS=''
LIBTOOL='$(SHELL) $(top_builddir)/libtool'
LIPO=''
LN_S='ln -s'
LTLIBOBJS=''
MAINT='#'
MAINTAINER_MODE_FALSE=''
MAINTAINER_MODE_TRUE='#'
MAKEINFO='${SHELL} /home/nox/src/bakefile-0.2.9/admin/missing --run makeinfo'
MANIFEST_TOOL=':'
MKDIR_P='/bin/mkdir -p'
NM='/usr/bin/nm -B'
NMEDIT=''
OBJDUMP='objdump'
OBJEXT='o'
OTOOL64=''
OTOOL=''
PACKAGE='bakefile'
PACKAGE_BUGREPORT='bakefile-devel@lists.sourceforge.net'
PACKAGE_NAME='bakefile'
PACKAGE_STRING='bakefile 0.2.9'
PACKAGE_TARNAME='bakefile'
PACKAGE_URL=''
PACKAGE_VERSION='0.2.9'
PATH_SEPARATOR=':'
PYTHON='/usr/bin/python'
PYTHON_CPPFLAGS='-I/usr/include/python2.7'
PYTHON_EXEC_PREFIX='${exec_prefix}'
PYTHON_PLATFORM='linux2'
PYTHON_PREFIX='${prefix}'
PYTHON_VERSION='2.7'
RANLIB='ranlib'
SED='/bin/sed'
SET_MAKE=''
SHELL='/bin/bash'
STRIP='strip'
VERSION='0.2.9'
ac_ct_AR='ar'
ac_ct_CC='gcc'
ac_ct_DUMPBIN=''
am__EXEEXT_FALSE=''
am__EXEEXT_TRUE='#'
am__fastdepCC_FALSE='#'
am__fastdepCC_TRUE=''
am__include='include'
am__isrc=''
am__leading_dot='.'
am__quote=''
am__tar='${AMTAR} chof - "$$tardir"'
am__untar='${AMTAR} xf -'
bindir='${exec_prefix}/bin'
build='x86_64-unknown-linux-gnu'
build_alias=''
build_cpu='x86_64'
build_os='linux-gnu'
build_vendor='unknown'
datadir='${datarootdir}'
datarootdir='${prefix}/share'
docdir='${datarootdir}/doc/${PACKAGE_TARNAME}'
dvidir='${docdir}'
exec_prefix='${prefix}'
host='x86_64-unknown-linux-gnu'
host_alias=''
host_cpu='x86_64'
host_os='linux-gnu'
host_vendor='unknown'
htmldir='${docdir}'
includedir='${prefix}/include'
infodir='${datarootdir}/info'
install_sh='${SHELL} /home/nox/src/bakefile-0.2.9/admin/install-sh'
libdir='${exec_prefix}/lib'
libexecdir='${exec_prefix}/libexec'
localedir='${datarootdir}/locale'
localstatedir='${prefix}/var'
mandir='${datarootdir}/man'
mkdir_p='/bin/mkdir -p'
oldincludedir='/usr/include'
pdfdir='${docdir}'
pkgpyexecdir='${pyexecdir}/bakefile'
pkgpythondir='${pythondir}/bakefile'
prefix='/usr/local'
program_transform_name='s,x,x,'
psdir='${docdir}'
pyexecdir='${exec_prefix}/lib/python2.7/dist-packages'
pythondir='${prefix}/lib/python2.7/dist-packages'
sbindir='${exec_prefix}/sbin'
sharedstatedir='${prefix}/com'
sysconfdir='${prefix}/etc'
target_alias=''

## ----------- ##
## confdefs.h. ##
## ----------- ##

/* confdefs.h */
#define PACKAGE_NAME "bakefile"
#define PACKAGE_TARNAME "bakefile"
#define PACKAGE_VERSION "0.2.9"
#define PACKAGE_STRING "bakefile 0.2.9"
#define PACKAGE_BUGREPORT "bakefile-devel@lists.sourceforge.net"
#define PACKAGE_URL ""
#define PACKAGE "bakefile"
#define VERSION "0.2.9"
#define STDC_HEADERS 1
#define HAVE_SYS_TYPES_H 1
#define HAVE_SYS_STAT_H 1
#define HAVE_STDLIB_H 1
#define HAVE_STRING_H 1
#define HAVE_MEMORY_H 1
#define HAVE_STRINGS_H 1
#define HAVE_INTTYPES_H 1
#define HAVE_STDINT_H 1
#define HAVE_UNISTD_H 1
#define HAVE_DLFCN_H 1
#define LT_OBJDIR ".libs/"

configure: exit 0
